<?xml version="1.0" encoding="UTF-8"?>
<!-- Generated by org.testng.reporters.JUnitXMLReporter -->
<testsuite ignored="0" hostname="DESKTOP-T2NFMNH" failures="0" tests="1" name="Test-Runner-2" time="89.004" errors="0" timestamp="2021-08-27T22:07:12 IST">
  <testcase classname="com.vtiger.comcast.Org.FilterTheOrganization" name="FilterTheOrganization" time="25.259"/>
</testsuite> <!-- Test-Runner-2 -->
