<?xml version="1.0" encoding="UTF-8"?>
<!-- Generated by org.testng.reporters.JUnitReportReporter -->
<testsuite hostname="DESKTOP-T2NFMNH" failures="0" tests="1" name="com.vtiger.comcast.Leadstest.SearchTheOrganizationByAlphabets" time="22.573" errors="0" timestamp="2021-08-24T16:51:43 IST" skipped="0">
  <testcase classname="com.vtiger.comcast.Leadstest.SearchTheOrganizationByAlphabets" name="SearchTheOrganizationByAlphabets" time="22.573"/>
  <system-out/>
</testsuite> <!-- com.vtiger.comcast.Leadstest.SearchTheOrganizationByAlphabets -->
