<?xml version="1.0" encoding="UTF-8"?>
<!-- Generated by org.testng.reporters.JUnitReportReporter -->
<testsuite hostname="DESKTOP-T2NFMNH" failures="0" tests="1" name="com.vtiger.comcast.Leadstest.FilterTheOrganization" time="21.855" errors="0" timestamp="2021-08-24T12:42:14 IST" skipped="0">
  <testcase classname="com.vtiger.comcast.Leadstest.FilterTheOrganization" name="FilterTheOrganization" time="21.855"/>
  <system-out/>
</testsuite> <!-- com.vtiger.comcast.Leadstest.FilterTheOrganization -->
