<?xml version="1.0" encoding="UTF-8"?>
<!-- Generated by org.testng.reporters.JUnitReportReporter -->
<testsuite hostname="DESKTOP-T2NFMNH" failures="0" tests="1" name="Practice.demo" time="0.019" errors="0" timestamp="2021-08-19T17:59:00 IST" skipped="0">
  <testcase classname="Practice.demo" name="add" time="0.019"/>
  <system-out/>
</testsuite> <!-- Practice.demo -->
