<?xml version="1.0" encoding="UTF-8"?>
<!-- Generated by org.testng.reporters.JUnitReportReporter -->
<testsuite hostname="DESKTOP-T2NFMNH" failures="0" tests="1" name="com.vtiger.comcast.Leadstest.CreateLead" time="33.020" errors="0" timestamp="2021-08-27T20:33:38 IST" skipped="0">
  <testcase classname="com.vtiger.comcast.Leadstest.CreateLead" name="CreateLead" time="33.020"/>
  <system-out/>
</testsuite> <!-- com.vtiger.comcast.Leadstest.CreateLead -->
