<?xml version="1.0" encoding="UTF-8"?>
<!-- Generated by org.testng.reporters.JUnitReportReporter -->
<testsuite hostname="DESKTOP-T2NFMNH" failures="0" tests="2" name="Practice.ReportSampleClass" time="35.481" errors="0" timestamp="2021-08-25T14:43:23 IST" skipped="0">
  <testcase classname="Practice.ReportSampleClass" name="HomeTest" time="23.561"/>
  <system-out/>
  <testcase classname="Practice.ReportSampleClass" name="ReportSampleClasstest" time="11.920"/>
  <system-out/>
</testsuite> <!-- Practice.ReportSampleClass -->
