<?xml version="1.0" encoding="UTF-8"?>
<!-- Generated by org.testng.reporters.JUnitReportReporter -->
<testsuite hostname="DESKTOP-T2NFMNH" failures="0" tests="1" name="com.vtiger.comcast.Org.FilterTheOrganization" time="72.281" errors="0" timestamp="2021-08-27T22:07:13 IST" skipped="0">
  <testcase classname="com.vtiger.comcast.Org.FilterTheOrganization" name="FilterTheOrganization" time="72.281"/>
  <system-out/>
</testsuite> <!-- com.vtiger.comcast.Org.FilterTheOrganization -->
